<?xml version="1.0" encoding="UTF-8"?>
<!-- Generated by org.testng.reporters.JUnitXMLReporter -->
<testsuite hostname="vmt5023" ignored="0" name="Default test" tests="6" failures="0" timestamp="17 Jul 2019 11:45:26 GMT" time="0.164" errors="0">
  <testcase name="a" time="0.029" classname="demo.Demo"/>
  <testcase name="b" time="0.005" classname="demo.Demo"/>
  <testcase name="c" time="0.006" classname="demo.Demo"/>
  <testcase name="d" time="0.004" classname="demo.Demo"/>
  <testcase name="e" time="0.004" classname="demo.Demo"/>
  <testcase name="f" time="0.004" classname="demo.Demo"/>
</testsuite> <!-- Default test -->
