<?xml version="1.0" encoding="UTF-8"?>
<testng-results skipped="0" failed="0" ignored="0" total="4" passed="4">
  <reporter-output>
  </reporter-output>
  <suite name="Suite" duration-ms="143" started-at="2019-07-17T11:52:22Z" finished-at="2019-07-17T11:52:22Z">
    <groups>
      <group name="Regression">
        <method signature="Demo.testCaseFour()[pri:2, instance:demo.Demo@5034c75a]" name="testCaseFour" class="demo.Demo"/>
        <method signature="Demo.testCaseOne()[pri:0, instance:demo.Demo@5034c75a]" name="testCaseOne" class="demo.Demo"/>
        <method signature="Demo.testCaseTwo()[pri:1, instance:demo.Demo@5034c75a]" name="testCaseTwo" class="demo.Demo"/>
      </group> <!-- Regression -->
      <group name="Smoke">
        <method signature="Demo.testCaseThree()[pri:3, instance:demo.Demo@5034c75a]" name="testCaseThree" class="demo.Demo"/>
      </group> <!-- Smoke -->
    </groups>
    <test name="Test" duration-ms="143" started-at="2019-07-17T11:52:22Z" finished-at="2019-07-17T11:52:22Z">
      <class name="demo.Demo">
        <test-method status="PASS" signature="testCaseOne()[pri:0, instance:demo.Demo@5034c75a]" name="testCaseOne" duration-ms="32" started-at="2019-07-17T11:52:22Z" finished-at="2019-07-17T11:52:22Z">
          <reporter-output>
          </reporter-output>
        </test-method> <!-- testCaseOne -->
        <test-method status="PASS" signature="testCaseTwo()[pri:1, instance:demo.Demo@5034c75a]" name="testCaseTwo" duration-ms="5" started-at="2019-07-17T11:52:22Z" finished-at="2019-07-17T11:52:22Z">
          <reporter-output>
          </reporter-output>
        </test-method> <!-- testCaseTwo -->
        <test-method status="PASS" signature="testCaseFour()[pri:2, instance:demo.Demo@5034c75a]" name="testCaseFour" duration-ms="4" started-at="2019-07-17T11:52:22Z" finished-at="2019-07-17T11:52:22Z">
          <reporter-output>
          </reporter-output>
        </test-method> <!-- testCaseFour -->
        <test-method status="PASS" signature="testCaseThree()[pri:3, instance:demo.Demo@5034c75a]" name="testCaseThree" duration-ms="5" started-at="2019-07-17T11:52:22Z" finished-at="2019-07-17T11:52:22Z">
          <reporter-output>
          </reporter-output>
        </test-method> <!-- testCaseThree -->
      </class> <!-- demo.Demo -->
    </test> <!-- Test -->
  </suite> <!-- Suite -->
</testng-results>
