<?xml version="1.0" encoding="UTF-8"?>
<testng-results skipped="0" failed="0" ignored="0" total="1" passed="1">
  <reporter-output>
  </reporter-output>
  <suite name="Default suite" duration-ms="14281" started-at="2019-07-16T07:19:24Z" finished-at="2019-07-16T07:19:38Z">
    <groups>
    </groups>
    <test name="Default test" duration-ms="14281" started-at="2019-07-16T07:19:24Z" finished-at="2019-07-16T07:19:38Z">
      <class name="demo.NewTest">
        <test-method status="PASS" signature="beforeClass()[pri:0, instance:demo.NewTest@7dc7cbad]" name="beforeClass" is-config="true" duration-ms="7845" started-at="2019-07-16T07:19:24Z" finished-at="2019-07-16T07:19:32Z">
          <reporter-output>
          </reporter-output>
        </test-method> <!-- beforeClass -->
        <test-method status="PASS" signature="f()[pri:0, instance:demo.NewTest@7dc7cbad]" name="f" duration-ms="6000" started-at="2019-07-16T07:19:32Z" finished-at="2019-07-16T07:19:38Z">
          <reporter-output>
          </reporter-output>
        </test-method> <!-- f -->
        <test-method status="PASS" signature="afterClass()[pri:0, instance:demo.NewTest@7dc7cbad]" name="afterClass" is-config="true" duration-ms="362" started-at="2019-07-16T07:19:38Z" finished-at="2019-07-16T07:19:38Z">
          <reporter-output>
          </reporter-output>
        </test-method> <!-- afterClass -->
      </class> <!-- demo.NewTest -->
    </test> <!-- Default test -->
  </suite> <!-- Default suite -->
</testng-results>
