<?xml version="1.0" encoding="UTF-8"?>
<!-- Generated by org.testng.reporters.JUnitXMLReporter -->
<testsuite hostname="vmt5023" ignored="1" name="Test" tests="3" failures="0" timestamp="18 Jul 2019 06:22:05 GMT" time="0.157" errors="0">
  <testcase name="testCaseOne" time="0.037" classname="demo.Demo"/>
  <testcase name="testCaseTwo" time="0.006" classname="demo.Demo"/>
  <testcase name="testCaseFour" time="0.011" classname="demo.Demo"/>
  <testcase name="testCaseThree" time="0.0" classname="demo.Demo">
    <ignored/>
  </testcase> <!-- testCaseThree -->
</testsuite> <!-- Test -->
